<?xml version="1.0" encoding="UTF-8"?>
<testsuite name="bfst22.addressparser.TRBJ" tests="3" skipped="0" failures="0" errors="0" timestamp="2022-02-09T12:37:30" hostname="Andreass-MacBook-Air-4.local" time="0.022">
  <properties/>
  <testcase name="ituSimple()" classname="bfst22.addressparser.TRBJ" time="0.003"/>
  <testcase name="itu()" classname="bfst22.addressparser.TRBJ" time="0.006"/>
  <testcase name="ituComma()" classname="bfst22.addressparser.TRBJ" time="0.003"/>
  <system-out><![CDATA[]]></system-out>
  <system-err><![CDATA[]]></system-err>
</testsuite>
