<?xml version="1.0" encoding="UTF-8"?>
<testsuite name="BFST22Group10.Models.EdgeTest" tests="4" skipped="0" failures="0" errors="0" timestamp="2022-05-11T20:06:54" hostname="Andreass-MacBook-Air-4.local" time="0.033">
  <properties/>
  <testcase name="getDistance()" classname="BFST22Group10.Models.EdgeTest" time="0.007"/>
  <testcase name="isTransportModeAllowed()" classname="BFST22Group10.Models.EdgeTest" time="0.002"/>
  <testcase name="getStreetName()" classname="BFST22Group10.Models.EdgeTest" time="0.002"/>
  <testcase name="getTo()" classname="BFST22Group10.Models.EdgeTest" time="0.015"/>
  <system-out><![CDATA[127.789566
]]></system-out>
  <system-err><![CDATA[]]></system-err>
</testsuite>
