<?xml version="1.0" encoding="UTF-8"?>
<testsuite name="BFST22Group10.Models.AddressTest" tests="9" skipped="0" failures="0" errors="0" timestamp="2022-05-11T20:06:54" hostname="Andreass-MacBook-Air-4.local" time="0.172">
  <properties/>
  <testcase name="valueOfStreet()" classname="BFST22Group10.Models.AddressTest" time="0.052"/>
  <testcase name="valueOfOneWordStreet()" classname="BFST22Group10.Models.AddressTest" time="0.007"/>
  <testcase name="valueOfStreetAndHousenumber()" classname="BFST22Group10.Models.AddressTest" time="0.025"/>
  <testcase name="valueOfFullAddress()" classname="BFST22Group10.Models.AddressTest" time="0.019"/>
  <testcase name="gettersAndSetters()" classname="BFST22Group10.Models.AddressTest" time="0.002"/>
  <testcase name="toStringWithComma()" classname="BFST22Group10.Models.AddressTest" time="0.003"/>
  <testcase name="toStringWithFloor()" classname="BFST22Group10.Models.AddressTest" time="0.001"/>
  <testcase name="valueOfStreetWithApostrophe()" classname="BFST22Group10.Models.AddressTest" time="0.003"/>
  <testcase name="valueOfIllegalAddres()" classname="BFST22Group10.Models.AddressTest" time="0.004"/>
  <system-out><![CDATA[]]></system-out>
  <system-err><![CDATA[]]></system-err>
</testsuite>
