<?xml version="1.0" encoding="UTF-8"?>
<testsuite name="BFST22Group10.Models.TagTest" tests="10" skipped="0" failures="0" errors="0" timestamp="2022-05-11T20:07:00" hostname="Andreass-MacBook-Air-4.local" time="0.148">
  <properties/>
  <testcase name="getLineWidth()" classname="BFST22Group10.Models.TagTest" time="0.096"/>
  <testcase name="isCarAllowed()" classname="BFST22Group10.Models.TagTest" time="0.015"/>
  <testcase name="getTag()" classname="BFST22Group10.Models.TagTest" time="0.005"/>
  <testcase name="isRoad()" classname="BFST22Group10.Models.TagTest" time="0.006"/>
  <testcase name="isPolygon()" classname="BFST22Group10.Models.TagTest" time="0.001"/>
  <testcase name="getStandardMaxSpeed()" classname="BFST22Group10.Models.TagTest" time="0.001"/>
  <testcase name="isPedestrianAllowed()" classname="BFST22Group10.Models.TagTest" time="0.002"/>
  <testcase name="getRequiredZoomLevel()" classname="BFST22Group10.Models.TagTest" time="0.001"/>
  <testcase name="getColor()" classname="BFST22Group10.Models.TagTest" time="0.003"/>
  <testcase name="isBicycleAllowed()" classname="BFST22Group10.Models.TagTest" time="0.001"/>
  <system-out><![CDATA[]]></system-out>
  <system-err><![CDATA[]]></system-err>
</testsuite>
