<?xml version="1.0" encoding="UTF-8"?>
<testsuite name="BFST22Group10.Models.KDTreeTest" tests="14" skipped="0" failures="0" errors="0" timestamp="2022-05-11T20:06:54" hostname="Andreass-MacBook-Air-4.local" time="0.369">
  <properties/>
  <testcase name="getRightChild()" classname="BFST22Group10.Models.KDTreeTest" time="0.008"/>
  <testcase name="addElements()" classname="BFST22Group10.Models.KDTreeTest" time="0.003"/>
  <testcase name="nearestNeighborSearchNull()" classname="BFST22Group10.Models.KDTreeTest" time="0.004"/>
  <testcase name="searchQuery()" classname="BFST22Group10.Models.KDTreeTest" time="0.198"/>
  <testcase name="addElements2()" classname="BFST22Group10.Models.KDTreeTest" time="0.008"/>
  <testcase name="addElements3()" classname="BFST22Group10.Models.KDTreeTest" time="0.005"/>
  <testcase name="nearestNeighborSearch2()" classname="BFST22Group10.Models.KDTreeTest" time="0.031"/>
  <testcase name="nearestNeighborSearch3()" classname="BFST22Group10.Models.KDTreeTest" time="0.003"/>
  <testcase name="nearestNeighborSearch4()" classname="BFST22Group10.Models.KDTreeTest" time="0.001"/>
  <testcase name="nearestNeighborSearch5()" classname="BFST22Group10.Models.KDTreeTest" time="0.004"/>
  <testcase name="getRoot()" classname="BFST22Group10.Models.KDTreeTest" time="0.001"/>
  <testcase name="searchQuery2()" classname="BFST22Group10.Models.KDTreeTest" time="0.05"/>
  <testcase name="nearestNeighborSearch()" classname="BFST22Group10.Models.KDTreeTest" time="0.002"/>
  <testcase name="getLeftChild()" classname="BFST22Group10.Models.KDTreeTest" time="0.002"/>
  <system-out><![CDATA[]]></system-out>
  <system-err><![CDATA[]]></system-err>
</testsuite>
