<?xml version="1.0" encoding="UTF-8"?>
<testsuite name="BFST22Group10.Models.NodeTest" tests="2" skipped="0" failures="0" errors="0" timestamp="2022-05-11T20:07:00" hostname="Andreass-MacBook-Air-4.local" time="0.011">
  <properties/>
  <testcase name="getLat()" classname="BFST22Group10.Models.NodeTest" time="0.003"/>
  <testcase name="getLon()" classname="BFST22Group10.Models.NodeTest" time="0.003"/>
  <system-out><![CDATA[]]></system-out>
  <system-err><![CDATA[]]></system-err>
</testsuite>
